<?xml version="1.0" encoding="UTF-8"?>
<!-- Generated by org.testng.reporters.JUnitReportReporter -->
<testsuite skipped="0" hostname="Sybrants-Mac-mini-3.local" name="automation.Apptest1" tests="1" failures="0" timestamp="29 Dec 2017 05:58:46 GMT" time="0.565" errors="0">
  <testcase name="excel" time="0.565" classname="automation.Apptest1"/>
</testsuite> <!-- automation.Apptest1 -->
