<?xml version="1.0" encoding="UTF-8"?>
<!-- Generated by org.testng.reporters.JUnitReportReporter -->
<testsuite skipped="0" hostname="SYB-LP-TEST-008" name="automation.Apptest1" tests="1" failures="0" timestamp="06 Dec 2017 11:21:42 GMT" time="19.039" errors="0">
  <testcase name="excel" time="19.039" classname="automation.Apptest1"/>
</testsuite> <!-- automation.Apptest1 -->
